(qemu) info pic
info pic
ioapic0: ver=0x11 id=0x00 sel=0x26 (redir[11])
  pin 0  0x0000000000010000 dest=0 vec=0   active-hi edge  masked fixed  physical
  pin 1  0x0200000000000822 dest=2 vec=34  active-hi edge         fixed  logical
  pin 2  0x0100000000000830 dest=1 vec=48  active-hi edge         fixed  logical
  pin 3  0x0000000000010000 dest=0 vec=0   active-hi edge  masked fixed  physical
  pin 4  0x0200000000000823 dest=2 vec=35  active-hi edge         fixed  logical
  pin 5  0x0000000000010000 dest=0 vec=0   active-hi edge  masked fixed  physical
  pin 6  0x0000000000010000 dest=0 vec=0   active-hi edge  masked fixed  physical
  pin 7  0x0000000000010000 dest=0 vec=0   active-hi edge  masked fixed  physical
  pin 8  0x0100000000000822 dest=1 vec=34  active-hi edge         fixed  logical
  pin 9  0x0200000000008820 dest=2 vec=32  active-hi level        fixed  logical
  pin 10 0x0000000000010000 dest=0 vec=0   active-hi edge  masked fixed  physical
  pin 11 0x0100000000008823 dest=1 vec=35  active-hi level        fixed  logical
  pin 12 0x0100000000000821 dest=1 vec=33  active-hi edge         fixed  logical
  pin 13 0x0000000000010000 dest=0 vec=0   active-hi edge  masked fixed  physical
  pin 14 0x0100000000000820 dest=1 vec=32  active-hi edge         fixed  logical
  pin 15 0x0200000000000821 dest=2 vec=33  active-hi edge         fixed  logical
  pin 16 0x0000000000010000 dest=0 vec=0   active-hi edge  masked fixed  physical
  pin 17 0x0000000000010000 dest=0 vec=0   active-hi edge  masked fixed  physical
  pin 18 0x0000000000010000 dest=0 vec=0   active-hi edge  masked fixed  physical
  pin 19 0x0000000000010000 dest=0 vec=0   active-hi edge  masked fixed  physical
  pin 20 0x0000000000010000 dest=0 vec=0   active-hi edge  masked fixed  physical
  pin 21 0x0000000000010000 dest=0 vec=0   active-hi edge  masked fixed  physical
  pin 22 0x0000000000010000 dest=0 vec=0   active-hi edge  masked fixed  physical
  pin 23 0x0000000000010000 dest=0 vec=0   active-hi edge  masked fixed  physical
  IRR      (none)
  Remote IRR (none)
pic1: irr=d1 imr=ff isr=00 hprio=0 irq_base=38 rr_sel=0 elcr=0c fnm=0
pic0: irr=13 imr=ff isr=00 hprio=0 irq_base=30 rr_sel=0 elcr=00 fnm=0
