# Firmware (device table)
                Device (KBD)
                {
                    Name (_HID, EisaId ("PNP0303") /* IBM Enhanced Keyboard (101/102-key, PS/2 Mouse) */)  // _HID: Hardware ID
                    Name (_STA, 0x0F)  // _STA: Status
                    Name (_CRS, ResourceTemplate ()  // _CRS: Current Resource Settings
                    {
                        IO (Decode16,
                            0x0060,             // Range Minimum
                            0x0060,             // Range Maximum
                            0x01,               // Alignment
                            0x01,               // Length
                            )
                        IO (Decode16,
                            0x0064,             // Range Minimum
                            0x0064,             // Range Maximum
                            0x01,               // Alignment
                            0x01,               // Length
                            )
                        IRQNoFlags ()
                            {1}
                    })
                }


# info mtree
address-space: I/O
  0000000000000000-000000000000ffff (prio 0, i/o): io
    0000000000000000-0000000000000007 (prio 0, i/o): dma-chan
    0000000000000008-000000000000000f (prio 0, i/o): dma-cont
    0000000000000020-0000000000000021 (prio 0, i/o): kvm-pic
    0000000000000040-0000000000000043 (prio 0, i/o): kvm-pit
    0000000000000060-0000000000000060 (prio 0, i/o): i8042-data
    0000000000000061-0000000000000061 (prio 0, i/o): pcspk
    0000000000000064-0000000000000064 (prio 0, i/o): i8042-cmd
    0000000000000070-0000000000000071 (prio 0, i/o): rtc

# info qtree
          dev: i8042, id ""
            gpio-in "ps2-mouse-input-irq" 1
            gpio-in "ps2-kbd-input-irq" 1
            gpio-out "" 2
            gpio-out "a20" 1
            extended-state = true
            kbd-throttle = false
            kbd-irq = 1 (0x1)
            mouse-irq = 12 (0xc)

# Interrupts
ubuntu@ubuntu-lkp:/sys$ grep "i8042" /proc/interrupts
  1:          0          9   IO-APIC   1-edge      i8042
 12:        125          0   IO-APIC  12-edge      i8042

