ubuntu@ubuntu-lkp:~$ lscpu
Architecture:            x86_64
  CPU op-mode(s):        32-bit, 64-bit
  Address sizes:         40 bits physical, 48 bits virtual
  Byte Order:            Little Endian
CPU(s):                  2
  On-line CPU(s) list:   0,1
Vendor ID:               GenuineIntel
  Model name:            QEMU Virtual CPU version 2.5+
    CPU family:          15
    Model:               107
    Thread(s) per core:  1
    Core(s) per socket:  2
    Socket(s):           1
    Stepping:            1
    BogoMIPS:            4992.00
    Flags:               fpu de pse tsc msr pae mce cx8 apic sep mtrr pge mca cmov pat pse36 clflush mmx fxsr sse ss
                         e2 ht syscall nx lm constant_tsc nopl xtopology cpuid tsc_known_freq pni cx16 x2apic hyperv
                         isor lahf_lm cpuid_fault pti
Virtualization features:
  Hypervisor vendor:     KVM
  Virtualization type:   full
Caches (sum of all):
  L1d:                   64 KiB (2 instances)
  L1i:                   64 KiB (2 instances)
  L2:                    8 MiB (2 instances)
  L3:                    16 MiB (1 instance)
NUMA:
  NUMA node(s):          1
  NUMA node0 CPU(s):     0,1
Vulnerabilities:
  Gather data sampling:  Not affected
  Itlb multihit:         Processor vulnerable
  L1tf:                  Mitigation; PTE Inversion
  Mds:                   Vulnerable: Clear CPU buffers attempted, no microcode; SMT Host state unknown
  Meltdown:              Mitigation; PTI
  Mmio stale data:       Unknown: No mitigations
  Retbleed:              Not affected
  Spec rstack overflow:  Not affected
  Spec store bypass:     Vulnerable
  Spectre v1:            Mitigation; usercopy/swapgs barriers and __user pointer sanitization
  Spectre v2:            Mitigation; Retpolines, STIBP disabled, RSB filling, PBRSB-eIBRS Not affected
  Srbds:                 Not affected
  Tsx async abort:       Not affected
ubuntu@ubuntu-lkp:~$ lscpu
Architecture:            x86_64
  CPU op-mode(s):        32-bit, 64-bit
  Address sizes:         40 bits physical, 48 bits virtual
  Byte Order:            Little Endian
CPU(s):                  3
  On-line CPU(s) list:   0,1
  Off-line CPU(s) list:  2
Vendor ID:               GenuineIntel
  Model name:            QEMU Virtual CPU version 2.5+
    CPU family:          15
    Model:               107
    Thread(s) per core:  1
    Core(s) per socket:  2
    Socket(s):           1
    Stepping:            1
    BogoMIPS:            4992.00
    Flags:               fpu de pse tsc msr pae mce cx8 apic sep mtrr pge mca cmov pat pse36 clflush mmx fxsr sse ss
                         e2 ht syscall nx lm constant_tsc nopl xtopology cpuid tsc_known_freq pni cx16 x2apic hyperv
                         isor lahf_lm cpuid_fault pti
Virtualization features:
  Hypervisor vendor:     KVM
  Virtualization type:   full
Caches (sum of all):
  L1d:                   64 KiB (2 instances)
  L1i:                   64 KiB (2 instances)
  L2:                    8 MiB (2 instances)
  L3:                    16 MiB (1 instance)
NUMA:
  NUMA node(s):          1
  NUMA node0 CPU(s):     0,1
Vulnerabilities:
  Gather data sampling:  Not affected
  Itlb multihit:         Processor vulnerable
  L1tf:                  Mitigation; PTE Inversion
  Mds:                   Vulnerable: Clear CPU buffers attempted, no microcode; SMT Host state unknown
  Meltdown:              Mitigation; PTI
  Mmio stale data:       Unknown: No mitigations
  Retbleed:              Not affected
  Spec rstack overflow:  Not affected
  Spec store bypass:     Vulnerable
  Spectre v1:            Mitigation; usercopy/swapgs barriers and __user pointer sanitization
  Spectre v2:            Mitigation; Retpolines, STIBP disabled, RSB filling, PBRSB-eIBRS Not affected
  Srbds:                 Not affected
  Tsx async abort:       Not affected
ubuntu@ubuntu-lkp:~$ lscpu
Architecture:            x86_64
  CPU op-mode(s):        32-bit, 64-bit
  Address sizes:         40 bits physical, 48 bits virtual
  Byte Order:            Little Endian
CPU(s):                  5
  On-line CPU(s) list:   0,1
  Off-line CPU(s) list:  2-4
Vendor ID:               GenuineIntel
  Model name:            QEMU Virtual CPU version 2.5+
    CPU family:          15
    Model:               107
    Thread(s) per core:  1
    Core(s) per socket:  2
    Socket(s):           1
    Stepping:            1
    BogoMIPS:            4992.00
    Flags:               fpu de pse tsc msr pae mce cx8 apic sep mtrr pge mca cmov pat pse36 clflush mmx fxsr sse ss
                         e2 ht syscall nx lm constant_tsc nopl xtopology cpuid tsc_known_freq pni cx16 x2apic hyperv
                         isor lahf_lm cpuid_fault pti
Virtualization features:
  Hypervisor vendor:     KVM
  Virtualization type:   full
Caches (sum of all):
  L1d:                   64 KiB (2 instances)
  L1i:                   64 KiB (2 instances)
  L2:                    8 MiB (2 instances)
  L3:                    16 MiB (1 instance)
NUMA:
  NUMA node(s):          1
  NUMA node0 CPU(s):     0,1
Vulnerabilities:
  Gather data sampling:  Not affected
  Itlb multihit:         Processor vulnerable
  L1tf:                  Mitigation; PTE Inversion
  Mds:                   Vulnerable: Clear CPU buffers attempted, no microcode; SMT Host state unknown
  Meltdown:              Mitigation; PTI
  Mmio stale data:       Unknown: No mitigations
  Retbleed:              Not affected
  Spec rstack overflow:  Not affected
  Spec store bypass:     Vulnerable
  Spectre v1:            Mitigation; usercopy/swapgs barriers and __user pointer sanitization
  Spectre v2:            Mitigation; Retpolines, STIBP disabled, RSB filling, PBRSB-eIBRS Not affected
  Srbds:                 Not affected
  Tsx async abort:       Not affected
ubuntu@ubuntu-lkp:~$
