.
в”њв”Ђв”Ђ accel
в”‚В В  в”њв”Ђв”Ђ hvf
в”‚В В  в”њв”Ђв”Ђ kvm
в”‚В В  в”њв”Ђв”Ђ mshv
в”‚В В  в”њв”Ђв”Ђ qtest
в”‚В В  в”њв”Ђв”Ђ stubs
в”‚В В  в”њв”Ђв”Ђ tcg
в”‚В В  в””в”Ђв”Ђ xen
в”њв”Ђв”Ђ audio
в”њв”Ђв”Ђ authz
в”њв”Ђв”Ђ backends
в”‚В В  в””в”Ђв”Ђ tpm
в”њв”Ђв”Ђ block
в”‚В В  в”њв”Ђв”Ђ export
в”‚В В  в””в”Ђв”Ђ monitor
в”њв”Ђв”Ђ bsd-user
в”њв”Ђв”Ђ chardev
в”њв”Ђв”Ђ common-user
в”њв”Ђв”Ђ configs
в”‚В В  в””в”Ђв”Ђ targets
в”њв”Ђв”Ђ contrib
в”‚В В  в”њв”Ђв”Ђ elf2dmp
в”‚В В  в”‚В В  в””в”Ђв”Ђ elf2dmp.p
в”‚В В  в”њв”Ђв”Ђ ivshmem-client
в”‚В В  в”‚В В  в””в”Ђв”Ђ ivshmem-client.p
в”‚В В  в”њв”Ђв”Ђ ivshmem-server
в”‚В В  в”‚В В  в””в”Ђв”Ђ ivshmem-server.p
в”‚В В  в”њв”Ђв”Ђ plugins
в”‚В В  в”‚В В  в”њв”Ђв”Ђ libbbv.so.p
в”‚В В  в”‚В В  в”њв”Ђв”Ђ libcache.so.p
в”‚В В  в”‚В В  в”њв”Ђв”Ђ libcflow.so.p
в”‚В В  в”‚В В  в”њв”Ђв”Ђ libdrcov.so.p
в”‚В В  в”‚В В  в”њв”Ђв”Ђ libexeclog.so.p
в”‚В В  в”‚В В  в”њв”Ђв”Ђ libhotblocks.so.p
в”‚В В  в”‚В В  в”њв”Ђв”Ђ libhotpages.so.p
в”‚В В  в”‚В В  в”њв”Ђв”Ђ libhowvec.so.p
в”‚В В  в”‚В В  в”њв”Ђв”Ђ libhwprofile.so.p
в”‚В В  в”‚В В  в”њв”Ђв”Ђ libips.so.p
в”‚В В  в”‚В В  в”њв”Ђв”Ђ liblockstep.so.p
в”‚В В  в”‚В В  в”њв”Ђв”Ђ libstoptrigger.so.p
в”‚В В  в”‚В В  в”њв”Ђв”Ђ libtraps.so.p
в”‚В В  в”‚В В  в””в”Ђв”Ђ libuftrace.so.p
в”‚В В  в”њв”Ђв”Ђ vhost-user-blk
в”‚В В  в”‚В В  в””в”Ђв”Ђ vhost-user-blk.p
в”‚В В  в”њв”Ђв”Ђ vhost-user-gpu
в”‚В В  в”њв”Ђв”Ђ vhost-user-input
в”‚В В  в”‚В В  в””в”Ђв”Ђ vhost-user-input.p
в”‚В В  в””в”Ђв”Ђ vhost-user-scsi
в”‚В В      в””в”Ђв”Ђ vhost-user-scsi.p
в”њв”Ђв”Ђ crypto
в”њв”Ђв”Ђ disas
в”њв”Ђв”Ђ docs
в”‚В В  в”њв”Ђв”Ђ config -> /home/sagar/qemu-tests/qemu/docs/config
в”‚В В  в”њв”Ђв”Ђ manual
в”‚В В  в”‚В В  в”њв”Ђв”Ђ about
в”‚В В  в”‚В В  в”њв”Ђв”Ђ devel
в”‚В В  в”‚В В  в”‚В В  в”њв”Ђв”Ђ migration
в”‚В В  в”‚В В  в”‚В В  в””в”Ђв”Ђ testing
в”‚В В  в”‚В В  в”њв”Ђв”Ђ interop
в”‚В В  в”‚В В  в”њв”Ђв”Ђ specs
в”‚В В  в”‚В В  в”њв”Ђв”Ђ _static
в”‚В В  в”‚В В  в”‚В В  в”њв”Ђв”Ђ css
в”‚В В  в”‚В В  в”‚В В  в”њв”Ђв”Ђ fonts
в”‚В В  в”‚В В  в”‚В В  в””в”Ђв”Ђ js
в”‚В В  в”‚В В  в”њв”Ђв”Ђ system
в”‚В В  в”‚В В  в”‚В В  в”њв”Ђв”Ђ arm
в”‚В В  в”‚В В  в”‚В В  в”њв”Ђв”Ђ devices
в”‚В В  в”‚В В  в”‚В В  в”‚В В  в””в”Ђв”Ђ virtio
в”‚В В  в”‚В В  в”‚В В  в”њв”Ђв”Ђ i386
в”‚В В  в”‚В В  в”‚В В  в”њв”Ђв”Ђ loongarch
в”‚В В  в”‚В В  в”‚В В  в”њв”Ђв”Ђ openrisc
в”‚В В  в”‚В В  в”‚В В  в”њв”Ђв”Ђ ppc
в”‚В В  в”‚В В  в”‚В В  в”њв”Ђв”Ђ riscv
в”‚В В  в”‚В В  в”‚В В  в””в”Ђв”Ђ s390x
в”‚В В  в”‚В В  в”њв”Ђв”Ђ tools
в”‚В В  в”‚В В  в””в”Ђв”Ђ user
в”‚В В  в””в”Ђв”Ђ manual.p
в”‚В В      в”њв”Ђв”Ђ about
в”‚В В      в”њв”Ђв”Ђ devel
в”‚В В      в”‚В В  в”њв”Ђв”Ђ migration
в”‚В В      в”‚В В  в””в”Ђв”Ђ testing
в”‚В В      в”њв”Ђв”Ђ interop
в”‚В В      в”њв”Ђв”Ђ specs
в”‚В В      в”њв”Ђв”Ђ system
в”‚В В      в”‚В В  в”њв”Ђв”Ђ arm
в”‚В В      в”‚В В  в”њв”Ђв”Ђ devices
в”‚В В      в”‚В В  в”‚В В  в””в”Ђв”Ђ virtio
в”‚В В      в”‚В В  в”њв”Ђв”Ђ i386
в”‚В В      в”‚В В  в”њв”Ђв”Ђ loongarch
в”‚В В      в”‚В В  в”њв”Ђв”Ђ openrisc
в”‚В В      в”‚В В  в”њв”Ђв”Ђ ppc
в”‚В В      в”‚В В  в”њв”Ђв”Ђ riscv
в”‚В В      в”‚В В  в””в”Ђв”Ђ s390x
в”‚В В      в”њв”Ђв”Ђ tools
в”‚В В      в””в”Ђв”Ђ user
в”њв”Ђв”Ђ dump
в”њв”Ђв”Ђ ebpf
в”њв”Ђв”Ђ fpu
в”њв”Ђв”Ђ fsdev
в”њв”Ђв”Ђ gdbstub
в”њв”Ђв”Ђ hw
в”‚В В  в”њв”Ђв”Ђ 9pfs
в”‚В В  в”њв”Ђв”Ђ acpi
в”‚В В  в”њв”Ђв”Ђ adc
в”‚В В  в”њв”Ђв”Ђ alpha
в”‚В В  в”њв”Ђв”Ђ arm
в”‚В В  в”њв”Ђв”Ђ audio
в”‚В В  в”њв”Ђв”Ђ avr
в”‚В В  в”њв”Ђв”Ђ block
в”‚В В  в”‚В В  в””в”Ђв”Ђ dataplane
в”‚В В  в”њв”Ђв”Ђ char
в”‚В В  в”њв”Ђв”Ђ core
в”‚В В  в”њв”Ђв”Ђ cpu
в”‚В В  в”њв”Ђв”Ђ cxl
в”‚В В  в”њв”Ђв”Ђ display
в”‚В В  в”њв”Ђв”Ђ dma
в”‚В В  в”њв”Ђв”Ђ fsi
в”‚В В  в”њв”Ђв”Ђ gpio
в”‚В В  в”њв”Ђв”Ђ hppa
в”‚В В  в”њв”Ђв”Ђ hyperv
в”‚В В  в”њв”Ђв”Ђ i2c
в”‚В В  в”њв”Ђв”Ђ i386
в”‚В В  в”‚В В  в”њв”Ђв”Ђ kvm
в”‚В В  в”‚В В  в””в”Ђв”Ђ xen
в”‚В В  в”њв”Ђв”Ђ ide
в”‚В В  в”њв”Ђв”Ђ input
в”‚В В  в”њв”Ђв”Ђ intc
в”‚В В  в”њв”Ђв”Ђ ipack
в”‚В В  в”њв”Ђв”Ђ ipmi
в”‚В В  в”њв”Ђв”Ђ isa
в”‚В В  в”њв”Ђв”Ђ loongarch
в”‚В В  в”њв”Ђв”Ђ m68k
в”‚В В  в”њв”Ђв”Ђ mem
в”‚В В  в”њв”Ђв”Ђ microblaze
в”‚В В  в”њв”Ђв”Ђ mips
в”‚В В  в”њв”Ђв”Ђ misc
в”‚В В  в”‚В В  в””в”Ђв”Ђ macio
в”‚В В  в”њв”Ђв”Ђ net
в”‚В В  в”‚В В  в””в”Ђв”Ђ can
в”‚В В  в”њв”Ђв”Ђ nubus
в”‚В В  в”њв”Ђв”Ђ nvme
в”‚В В  в”њв”Ђв”Ђ nvram
в”‚В В  в”њв”Ђв”Ђ openrisc
в”‚В В  в”њв”Ђв”Ђ pci
в”‚В В  в”њв”Ђв”Ђ pci-bridge
в”‚В В  в”њв”Ђв”Ђ pci-host
в”‚В В  в”њв”Ђв”Ђ ppc
в”‚В В  в”њв”Ђв”Ђ remote
в”‚В В  в”њв”Ђв”Ђ riscv
в”‚В В  в”њв”Ђв”Ђ rtc
в”‚В В  в”њв”Ђв”Ђ rx
в”‚В В  в”њв”Ђв”Ђ s390x
в”‚В В  в”њв”Ђв”Ђ scsi
в”‚В В  в”њв”Ђв”Ђ sd
в”‚В В  в”њв”Ђв”Ђ sensor
в”‚В В  в”њв”Ђв”Ђ sh4
в”‚В В  в”њв”Ђв”Ђ smbios
в”‚В В  в”њв”Ђв”Ђ sparc
в”‚В В  в”њв”Ђв”Ђ sparc64
в”‚В В  в”њв”Ђв”Ђ ssi
в”‚В В  в”њв”Ђв”Ђ timer
в”‚В В  в”њв”Ђв”Ђ tpm
в”‚В В  в”њв”Ђв”Ђ tricore
в”‚В В  в”њв”Ђв”Ђ uefi
в”‚В В  в”њв”Ђв”Ђ ufs
в”‚В В  в”њв”Ђв”Ђ usb
в”‚В В  в”њв”Ђв”Ђ vfio
в”‚В В  в”њв”Ђв”Ђ vfio-user
в”‚В В  в”њв”Ђв”Ђ virtio
в”‚В В  в”њв”Ђв”Ђ vmapple
в”‚В В  в”њв”Ђв”Ђ watchdog
в”‚В В  в”њв”Ђв”Ђ xen
в”‚В В  в”њв”Ђв”Ђ xenpv
в”‚В В  в””в”Ђв”Ђ xtensa
в”њв”Ђв”Ђ io
в”њв”Ђв”Ђ libauthz.a.p
в”њв”Ђв”Ђ libblock.a.p
в”њв”Ђв”Ђ libblockdev.a.p
в”њв”Ђв”Ђ libchardev.a.p
в”њв”Ђв”Ђ libcommon.a.p
в”њв”Ђв”Ђ libcommon_arm.a.p
в”њв”Ђв”Ђ libcrypto.a.p
в”њв”Ђв”Ђ libdecnumber
в”њв”Ђв”Ђ libevent-loop-base.a.p
в”њв”Ђв”Ђ libhwcore.a.p
в”њв”Ђв”Ђ libio.a.p
в”њв”Ђв”Ђ libmigration.a.p
в”њв”Ђв”Ђ libqemu-aarch64_be-linux-user.a.p
в”њв”Ђв”Ђ libqemu-aarch64-linux-user.a.p
в”њв”Ђв”Ђ libqemu-aarch64-softmmu.a.p
в”њв”Ђв”Ђ libqemu-alpha-linux-user.a.p
в”њв”Ђв”Ђ libqemu-alpha-softmmu.a.p
в”њв”Ђв”Ђ libqemu-armeb-linux-user.a.p
в”њв”Ђв”Ђ libqemu-arm-linux-user.a.p
в”њв”Ђв”Ђ libqemu-arm-softmmu.a.p
в”њв”Ђв”Ђ libqemu-avr-softmmu.a.p
в”њв”Ђв”Ђ libqemu-hexagon-linux-user.a.p
в”њв”Ђв”Ђ libqemu-hppa-linux-user.a.p
в”њв”Ђв”Ђ libqemu-hppa-softmmu.a.p
в”њв”Ђв”Ђ libqemu-i386-linux-user.a.p
в”њв”Ђв”Ђ libqemu-i386-softmmu.a.p
в”њв”Ђв”Ђ libqemu-loongarch64-linux-user.a.p
в”њв”Ђв”Ђ libqemu-loongarch64-softmmu.a.p
в”њв”Ђв”Ђ libqemu-m68k-linux-user.a.p
в”њв”Ђв”Ђ libqemu-m68k-softmmu.a.p
в”њв”Ђв”Ђ libqemu-microblazeel-linux-user.a.p
в”њв”Ђв”Ђ libqemu-microblazeel-softmmu.a.p
в”њв”Ђв”Ђ libqemu-microblaze-linux-user.a.p
в”њв”Ђв”Ђ libqemu-microblaze-softmmu.a.p
в”њв”Ђв”Ђ libqemu-mips64el-linux-user.a.p
в”њв”Ђв”Ђ libqemu-mips64el-softmmu.a.p
в”њв”Ђв”Ђ libqemu-mips64-linux-user.a.p
в”њв”Ђв”Ђ libqemu-mips64-softmmu.a.p
в”њв”Ђв”Ђ libqemu-mipsel-linux-user.a.p
в”њв”Ђв”Ђ libqemu-mipsel-softmmu.a.p
в”њв”Ђв”Ђ libqemu-mips-linux-user.a.p
в”њв”Ђв”Ђ libqemu-mipsn32el-linux-user.a.p
в”њв”Ђв”Ђ libqemu-mipsn32-linux-user.a.p
в”њв”Ђв”Ђ libqemu-mips-softmmu.a.p
в”њв”Ђв”Ђ libqemu-or1k-linux-user.a.p
в”њв”Ђв”Ђ libqemu-or1k-softmmu.a.p
в”њв”Ђв”Ђ libqemu-ppc64le-linux-user.a.p
в”њв”Ђв”Ђ libqemu-ppc64-linux-user.a.p
в”њв”Ђв”Ђ libqemu-ppc64-softmmu.a.p
в”њв”Ђв”Ђ libqemu-ppc-linux-user.a.p
в”њв”Ђв”Ђ libqemu-ppc-softmmu.a.p
в”њв”Ђв”Ђ libqemu-riscv32-linux-user.a.p
в”њв”Ђв”Ђ libqemu-riscv32-softmmu.a.p
в”њв”Ђв”Ђ libqemu-riscv64-linux-user.a.p
в”њв”Ђв”Ђ libqemu-riscv64-softmmu.a.p
в”њв”Ђв”Ђ libqemu-rx-softmmu.a.p
в”њв”Ђв”Ђ libqemu-s390x-linux-user.a.p
в”њв”Ђв”Ђ libqemu-s390x-softmmu.a.p
в”њв”Ђв”Ђ libqemu-sh4eb-linux-user.a.p
в”њв”Ђв”Ђ libqemu-sh4eb-softmmu.a.p
в”њв”Ђв”Ђ libqemu-sh4-linux-user.a.p
в”њв”Ђв”Ђ libqemu-sh4-softmmu.a.p
в”њв”Ђв”Ђ libqemu-sparc32plus-linux-user.a.p
в”њв”Ђв”Ђ libqemu-sparc64-linux-user.a.p
в”њв”Ђв”Ђ libqemu-sparc64-softmmu.a.p
в”њв”Ђв”Ђ libqemu-sparc-linux-user.a.p
в”њв”Ђв”Ђ libqemu-sparc-softmmu.a.p
в”њв”Ђв”Ђ libqemu-tricore-softmmu.a.p
в”њв”Ђв”Ђ libqemuutil.a.p
в”њв”Ђв”Ђ libqemu-x86_64-linux-user.a.p
в”њв”Ђв”Ђ libqemu-x86_64-softmmu.a.p
в”њв”Ђв”Ђ libqemu-xtensaeb-linux-user.a.p
в”њв”Ђв”Ђ libqemu-xtensaeb-softmmu.a.p
в”њв”Ђв”Ђ libqemu-xtensa-linux-user.a.p
в”њв”Ђв”Ђ libqemu-xtensa-softmmu.a.p
в”њв”Ђв”Ђ libqmp.a.p
в”њв”Ђв”Ђ libqom.a.p
в”њв”Ђв”Ђ libsystem.a.p
в”њв”Ђв”Ђ libsystem_arm.a.p
в”њв”Ђв”Ђ libuser.a.p
в”њв”Ђв”Ђ linux-headers
в”‚В В  в””в”Ђв”Ђ asm -> /home/sagar/qemu-tests/qemu/linux-headers/asm-x86
в”њв”Ђв”Ђ linux-user
в”‚В В  в”њв”Ђв”Ђ aarch64
в”‚В В  в”њв”Ђв”Ђ alpha
в”‚В В  в”њв”Ђв”Ђ arm
в”‚В В  в”‚В В  в””в”Ђв”Ђ nwfpe
в”‚В В  в”њв”Ђв”Ђ gen-vdso.p
в”‚В В  в”њв”Ђв”Ђ hexagon
в”‚В В  в”њв”Ђв”Ђ hppa
в”‚В В  в”њв”Ђв”Ђ i386
в”‚В В  в”њв”Ђв”Ђ loongarch64
в”‚В В  в”њв”Ђв”Ђ m68k
в”‚В В  в”њв”Ђв”Ђ microblaze
в”‚В В  в”њв”Ђв”Ђ mips
в”‚В В  в”њв”Ђв”Ђ mips64
в”‚В В  в”њв”Ђв”Ђ openrisc
в”‚В В  в”њв”Ђв”Ђ ppc
в”‚В В  в”њв”Ђв”Ђ riscv
в”‚В В  в”њв”Ђв”Ђ s390x
в”‚В В  в”њв”Ђв”Ђ sh4
в”‚В В  в”њв”Ђв”Ђ sparc
в”‚В В  в”њв”Ђв”Ђ x86_64
в”‚В В  в””в”Ђв”Ђ xtensa
в”њв”Ђв”Ђ meson-info
в”њв”Ђв”Ђ meson-logs
в”њв”Ђв”Ђ meson-private
в”‚В В  в”њв”Ђв”Ђ __CMake_compiler_info__
в”‚В В  в”‚В В  в””в”Ђв”Ђ CMakeFiles
в”‚В В  в”‚В В      в”њв”Ђв”Ђ 3.28.3
в”‚В В  в”‚В В      в”‚В В  в””в”Ђв”Ђ CompilerIdC
в”‚В В  в”‚В В      в”‚В В      в””в”Ђв”Ђ tmp
в”‚В В  в”‚В В      в”њв”Ђв”Ђ CMakeScratch
в”‚В В  в”‚В В      в””в”Ђв”Ђ pkgRedirects
в”‚В В  в”њв”Ђв”Ђ cmake_libcbor
в”‚В В  в”њв”Ђв”Ђ cmake_SDL2
в”‚В В  в”‚В В  в””в”Ђв”Ђ CMakeFiles
в”‚В В  в”‚В В      в”њв”Ђв”Ђ 3.28.3
в”‚В В  в”‚В В      в””в”Ђв”Ђ pkgRedirects
в”‚В В  в””в”Ђв”Ђ temp
в”‚В В      в””в”Ђв”Ђ sphinx
в”‚В В          в””в”Ђв”Ђ out
в”‚В В              в””в”Ђв”Ђ _static
в”‚В В                  в”њв”Ђв”Ђ css
в”‚В В                  в”њв”Ђв”Ђ fonts
в”‚В В                  в””в”Ђв”Ђ js
в”њв”Ђв”Ђ meson-uninstalled
в”њв”Ђв”Ђ migration
в”њв”Ђв”Ђ monitor
в”њв”Ђв”Ђ nbd
в”њв”Ђв”Ђ net
в”‚В В  в””в”Ђв”Ђ can
в”њв”Ђв”Ђ pc-bios
в”‚В В  в”њв”Ђв”Ђ descriptors
в”‚В В  в”њв”Ђв”Ђ dtb
в”‚В В  в”њв”Ђв”Ђ keymaps
в”‚В В  в”њв”Ђв”Ђ optionrom
в”‚В В  в”њв”Ђв”Ђ s390-ccw
в”‚В В  в””в”Ђв”Ђ vof
в”њв”Ђв”Ђ plugins
в”њв”Ђв”Ђ python -> /home/sagar/qemu-tests/qemu/python
в”њв”Ђв”Ђ pyvenv
в”‚В В  в”њв”Ђв”Ђ bin
в”‚В В  в”њв”Ђв”Ђ include
в”‚В В  в”‚В В  в””в”Ђв”Ђ python3.12
в”‚В В  в”њв”Ђв”Ђ lib
в”‚В В  в”‚В В  в””в”Ђв”Ђ python3.12
в”‚В В  в”‚В В      в””в”Ђв”Ђ site-packages
в”‚В В  в”‚В В          в”њв”Ђв”Ђ meson-1.10.0.dist-info
в”‚В В  в”‚В В          в”‚В В  в””в”Ђв”Ђ licenses
в”‚В В  в”‚В В          в”њв”Ђв”Ђ mesonbuild
в”‚В В  в”‚В В          в”‚В В  в”њв”Ђв”Ђ ast
в”‚В В  в”‚В В          в”‚В В  в”‚В В  в””в”Ђв”Ђ __pycache__
в”‚В В  в”‚В В          в”‚В В  в”њв”Ђв”Ђ backend
в”‚В В  в”‚В В          в”‚В В  в”‚В В  в””в”Ђв”Ђ __pycache__
в”‚В В  в”‚В В          в”‚В В  в”њв”Ђв”Ђ cargo
в”‚В В  в”‚В В          в”‚В В  в”‚В В  в””в”Ђв”Ђ __pycache__
в”‚В В  в”‚В В          в”‚В В  в”њв”Ђв”Ђ cmake
в”‚В В  в”‚В В          в”‚В В  в”‚В В  в”њв”Ђв”Ђ data
в”‚В В  в”‚В В          в”‚В В  в”‚В В  в”‚В В  в””в”Ђв”Ђ __pycache__
в”‚В В  в”‚В В          в”‚В В  в”‚В В  в””в”Ђв”Ђ __pycache__
в”‚В В  в”‚В В          в”‚В В  в”њв”Ђв”Ђ compilers
в”‚В В  в”‚В В          в”‚В В  в”‚В В  в”њв”Ђв”Ђ mixins
в”‚В В  в”‚В В          в”‚В В  в”‚В В  в”‚В В  в””в”Ђв”Ђ __pycache__
в”‚В В  в”‚В В          в”‚В В  в”‚В В  в””в”Ђв”Ђ __pycache__
в”‚В В  в”‚В В          в”‚В В  в”њв”Ђв”Ђ dependencies
в”‚В В  в”‚В В          в”‚В В  в”‚В В  в”њв”Ђв”Ђ data
в”‚В В  в”‚В В          в”‚В В  в”‚В В  в”‚В В  в””в”Ђв”Ђ __pycache__
в”‚В В  в”‚В В          в”‚В В  в”‚В В  в””в”Ђв”Ђ __pycache__
в”‚В В  в”‚В В          в”‚В В  в”њв”Ђв”Ђ interpreter
в”‚В В  в”‚В В          в”‚В В  в”‚В В  в”њв”Ђв”Ђ primitives
в”‚В В  в”‚В В          в”‚В В  в”‚В В  в”‚В В  в””в”Ђв”Ђ __pycache__
в”‚В В  в”‚В В          в”‚В В  в”‚В В  в””в”Ђв”Ђ __pycache__
в”‚В В  в”‚В В          в”‚В В  в”њв”Ђв”Ђ interpreterbase
в”‚В В  в”‚В В          в”‚В В  в”‚В В  в””в”Ђв”Ђ __pycache__
в”‚В В  в”‚В В          в”‚В В  в”њв”Ђв”Ђ linkers
в”‚В В  в”‚В В          в”‚В В  в”‚В В  в””в”Ђв”Ђ __pycache__
в”‚В В  в”‚В В          в”‚В В  в”њв”Ђв”Ђ modules
в”‚В В  в”‚В В          в”‚В В  в”‚В В  в””в”Ђв”Ђ __pycache__
в”‚В В  в”‚В В          в”‚В В  в”њв”Ђв”Ђ __pycache__
в”‚В В  в”‚В В          в”‚В В  в”њв”Ђв”Ђ scripts
в”‚В В  в”‚В В          в”‚В В  в”‚В В  в””в”Ђв”Ђ __pycache__
в”‚В В  в”‚В В          в”‚В В  в”њв”Ђв”Ђ templates
в”‚В В  в”‚В В          в”‚В В  в”‚В В  в””в”Ђв”Ђ __pycache__
в”‚В В  в”‚В В          в”‚В В  в”њв”Ђв”Ђ utils
в”‚В В  в”‚В В          в”‚В В  в”‚В В  в””в”Ђв”Ђ __pycache__
в”‚В В  в”‚В В          в”‚В В  в””в”Ђв”Ђ wrap
в”‚В В  в”‚В В          в”‚В В      в””в”Ђв”Ђ __pycache__
в”‚В В  в”‚В В          в”њв”Ђв”Ђ pycotap
в”‚В В  в”‚В В          в”‚В В  в””в”Ђв”Ђ __pycache__
в”‚В В  в”‚В В          в””в”Ђв”Ђ pycotap-1.3.1.dist-info
в”‚В В  в”њв”Ђв”Ђ lib64 -> lib
в”‚В В  в””в”Ђв”Ђ share
в”‚В В      в”њв”Ђв”Ђ man
в”‚В В      в”‚В В  в””в”Ђв”Ђ man1
в”‚В В      в””в”Ђв”Ђ polkit-1
в”‚В В          в””в”Ђв”Ђ actions
в”њв”Ђв”Ђ qapi
в”њв”Ђв”Ђ qemu-aarch64_be.p
в”њв”Ђв”Ђ qemu-aarch64.p
в”њв”Ђв”Ђ qemu-alpha.p
в”њв”Ђв”Ђ qemu-armeb.p
в”њв”Ђв”Ђ qemu-arm.p
в”њв”Ђв”Ђ qemu-bridge-helper.p
в”њв”Ђв”Ђ qemu-bundle
в”‚В В  в””в”Ђв”Ђ usr
в”‚В В      в””в”Ђв”Ђ local
в”‚В В          в”њв”Ђв”Ђ bin
в”‚В В          в”њв”Ђв”Ђ include
в”‚В В          в”њв”Ђв”Ђ lib
в”‚В В          в”‚В В  в””в”Ђв”Ђ x86_64-linux-gnu
в”‚В В          в”‚В В      в””в”Ђв”Ђ pkgconfig
в”‚В В          в”њв”Ђв”Ђ libexec
в”‚В В          в””в”Ђв”Ђ share
в”‚В В              в”њв”Ђв”Ђ applications
в”‚В В              в”њв”Ђв”Ђ doc
в”‚В В              в”‚В В  в””в”Ђв”Ђ qemu -> /home/sagar/qemu-tests/build/docs/manual
в”‚В В              в”њв”Ђв”Ђ icons
в”‚В В              в”‚В В  в””в”Ђв”Ђ hicolor
в”‚В В              в”‚В В      в”њв”Ђв”Ђ 128x128
в”‚В В              в”‚В В      в”‚В В  в””в”Ђв”Ђ apps
в”‚В В              в”‚В В      в”њв”Ђв”Ђ 16x16
в”‚В В              в”‚В В      в”‚В В  в””в”Ђв”Ђ apps
в”‚В В              в”‚В В      в”њв”Ђв”Ђ 24x24
в”‚В В              в”‚В В      в”‚В В  в””в”Ђв”Ђ apps
в”‚В В              в”‚В В      в”њв”Ђв”Ђ 256x256
в”‚В В              в”‚В В      в”‚В В  в””в”Ђв”Ђ apps
в”‚В В              в”‚В В      в”њв”Ђв”Ђ 32x32
в”‚В В              в”‚В В      в”‚В В  в””в”Ђв”Ђ apps
в”‚В В              в”‚В В      в”њв”Ђв”Ђ 48x48
в”‚В В              в”‚В В      в”‚В В  в””в”Ђв”Ђ apps
в”‚В В              в”‚В В      в”њв”Ђв”Ђ 512x512
в”‚В В              в”‚В В      в”‚В В  в””в”Ђв”Ђ apps
в”‚В В              в”‚В В      в”њв”Ђв”Ђ 64x64
в”‚В В              в”‚В В      в”‚В В  в””в”Ђв”Ђ apps
в”‚В В              в”‚В В      в””в”Ђв”Ђ scalable
в”‚В В              в”‚В В          в””в”Ђв”Ђ apps
в”‚В В              в”њв”Ђв”Ђ man
в”‚В В              в”‚В В  в”њв”Ђв”Ђ man1
в”‚В В              в”‚В В  в”њв”Ђв”Ђ man7
в”‚В В              в”‚В В  в””в”Ђв”Ђ man8
в”‚В В              в””в”Ђв”Ђ qemu
в”‚В В                  в”њв”Ђв”Ђ dtb
в”‚В В                  в”њв”Ђв”Ђ firmware
в”‚В В                  в””в”Ђв”Ђ keymaps
в”њв”Ђв”Ђ qemu-edid.p
в”њв”Ђв”Ђ qemu-hexagon.p
в”њв”Ђв”Ђ qemu-hppa.p
в”њв”Ђв”Ђ qemu-i386.p
в”њв”Ђв”Ђ qemu-img.p
в”њв”Ђв”Ђ qemu-io.p
в”њв”Ђв”Ђ qemu-loongarch64.p
в”њв”Ђв”Ђ qemu-m68k.p
в”њв”Ђв”Ђ qemu-microblazeel.p
в”њв”Ђв”Ђ qemu-microblaze.p
в”њв”Ђв”Ђ qemu-mips64el.p
в”њв”Ђв”Ђ qemu-mips64.p
в”њв”Ђв”Ђ qemu-mipsel.p
в”њв”Ђв”Ђ qemu-mipsn32el.p
в”њв”Ђв”Ђ qemu-mipsn32.p
в”њв”Ђв”Ђ qemu-mips.p
в”њв”Ђв”Ђ qemu-nbd.p
в”њв”Ђв”Ђ qemu-or1k.p
в”њв”Ђв”Ђ qemu-ppc64le.p
в”њв”Ђв”Ђ qemu-ppc64.p
в”њв”Ђв”Ђ qemu-ppc.p
в”њв”Ђв”Ђ qemu-pr-helper.p
в”њв”Ђв”Ђ qemu-riscv32.p
в”њв”Ђв”Ђ qemu-riscv64.p
в”њв”Ђв”Ђ qemu-s390x.p
в”њв”Ђв”Ђ qemu-sh4eb.p
в”њв”Ђв”Ђ qemu-sh4.p
в”њв”Ђв”Ђ qemu-sparc32plus.p
в”њв”Ђв”Ђ qemu-sparc64.p
в”њв”Ђв”Ђ qemu-sparc.p
в”њв”Ђв”Ђ qemu-system-aarch64.p
в”њв”Ђв”Ђ qemu-system-alpha.p
в”њв”Ђв”Ђ qemu-system-arm.p
в”њв”Ђв”Ђ qemu-system-avr.p
в”њв”Ђв”Ђ qemu-system-hppa.p
в”њв”Ђв”Ђ qemu-system-i386.p
в”њв”Ђв”Ђ qemu-system-loongarch64.p
в”њв”Ђв”Ђ qemu-system-m68k.p
в”њв”Ђв”Ђ qemu-system-microblazeel.p
в”њв”Ђв”Ђ qemu-system-microblaze.p
в”њв”Ђв”Ђ qemu-system-mips64el.p
в”њв”Ђв”Ђ qemu-system-mips64.p
в”њв”Ђв”Ђ qemu-system-mipsel.p
в”њв”Ђв”Ђ qemu-system-mips.p
в”њв”Ђв”Ђ qemu-system-or1k.p
в”њв”Ђв”Ђ qemu-system-ppc64.p
в”њв”Ђв”Ђ qemu-system-ppc.p
в”њв”Ђв”Ђ qemu-system-riscv32.p
в”њв”Ђв”Ђ qemu-system-riscv64.p
в”њв”Ђв”Ђ qemu-system-rx.p
в”њв”Ђв”Ђ qemu-system-s390x.p
в”њв”Ђв”Ђ qemu-system-sh4eb.p
в”њв”Ђв”Ђ qemu-system-sh4.p
в”њв”Ђв”Ђ qemu-system-sparc64.p
в”њв”Ђв”Ђ qemu-system-sparc.p
в”њв”Ђв”Ђ qemu-system-tricore.p
в”њв”Ђв”Ђ qemu-system-x86_64.p
в”њв”Ђв”Ђ qemu-system-xtensaeb.p
в”њв”Ђв”Ђ qemu-system-xtensa.p
в”њв”Ђв”Ђ qemu-vmsr-helper.p
в”њв”Ђв”Ђ qemu-x86_64.p
в”њв”Ђв”Ђ qemu-xtensaeb.p
в”њв”Ђв”Ђ qemu-xtensa.p
в”њв”Ђв”Ђ qga
в”‚В В  в”њв”Ђв”Ђ qemu-ga.p
в”‚В В  в””в”Ђв”Ђ qga-ssh-test.p
в”њв”Ђв”Ђ qobject
в”њв”Ђв”Ђ qom
в”њв”Ђв”Ђ replay
в”њв”Ђв”Ђ scripts -> /home/sagar/qemu-tests/qemu/scripts
в”њв”Ђв”Ђ scsi
в”њв”Ђв”Ђ semihosting
в”њв”Ђв”Ђ stats
в”њв”Ђв”Ђ storage-daemon
в”‚В В  в”њв”Ђв”Ђ qapi
в”‚В В  в””в”Ђв”Ђ qemu-storage-daemon.p
в”њв”Ђв”Ђ stubs
в”њв”Ђв”Ђ subprojects
в”‚В В  в”њв”Ђв”Ђ berkeley-softfloat-3
в”‚В В  в”‚В В  в””в”Ђв”Ђ libsoftfloat.a.p
в”‚В В  в”њв”Ђв”Ђ berkeley-testfloat-3
в”‚В В  в”‚В В  в”њв”Ђв”Ђ libslowfloat.a.p
в”‚В В  в”‚В В  в””в”Ђв”Ђ libtestfloat.a.p
в”‚В В  в”њв”Ђв”Ђ dtc
в”‚В В  в”‚В В  в””в”Ђв”Ђ libfdt
в”‚В В  в”‚В В      в””в”Ђв”Ђ libfdt.a.p
в”‚В В  в”њв”Ђв”Ђ keycodemapdb
в”‚В В  в”њв”Ђв”Ђ libvduse
в”‚В В  в”‚В В  в””в”Ђв”Ђ libvduse.a.p
в”‚В В  в””в”Ђв”Ђ libvhost-user
в”‚В В      в”њв”Ђв”Ђ libvhost-user.a.p
в”‚В В      в”њв”Ђв”Ђ libvhost-user-glib.a.p
в”‚В В      в””в”Ђв”Ђ link-test.p
в”њв”Ђв”Ђ system
в”њв”Ђв”Ђ target
в”‚В В  в”њв”Ђв”Ђ alpha
в”‚В В  в”њв”Ђв”Ђ arm
в”‚В В  в”‚В В  в”њв”Ђв”Ђ hvf
в”‚В В  в”‚В В  в””в”Ђв”Ђ tcg
в”‚В В  в”њв”Ђв”Ђ avr
в”‚В В  в”њв”Ђв”Ђ hexagon
в”‚В В  в”‚В В  в”њв”Ђв”Ђ gen_dectree_import.p
в”‚В В  в”‚В В  в”њв”Ђв”Ђ gen_semantics.p
в”‚В В  в”‚В В  в”њв”Ђв”Ђ idef-parser.p
в”‚В В  в”‚В В  в””в”Ђв”Ђ __pycache__
в”‚В В  в”њв”Ђв”Ђ hppa
в”‚В В  в”њв”Ђв”Ђ i386
в”‚В В  в”‚В В  в”њв”Ђв”Ђ emulate
в”‚В В  в”‚В В  в”њв”Ђв”Ђ hvf
в”‚В В  в”‚В В  в”њв”Ђв”Ђ kvm
в”‚В В  в”‚В В  в”њв”Ђв”Ђ mshv
в”‚В В  в”‚В В  в”њв”Ђв”Ђ nvmm
в”‚В В  в”‚В В  в”њв”Ђв”Ђ tcg
в”‚В В  в”‚В В  в”‚В В  в”њв”Ђв”Ђ system
в”‚В В  в”‚В В  в”‚В В  в””в”Ђв”Ђ user
в”‚В В  в”‚В В  в””в”Ђв”Ђ whpx
в”‚В В  в”њв”Ђв”Ђ loongarch
в”‚В В  в”‚В В  в”њв”Ђв”Ђ kvm
в”‚В В  в”‚В В  в””в”Ђв”Ђ tcg
в”‚В В  в”њв”Ђв”Ђ m68k
в”‚В В  в”њв”Ђв”Ђ microblaze
в”‚В В  в”њв”Ђв”Ђ mips
в”‚В В  в”‚В В  в”њв”Ђв”Ђ system
в”‚В В  в”‚В В  в””в”Ђв”Ђ tcg
в”‚В В  в”‚В В      в””в”Ђв”Ђ system
в”‚В В  в”њв”Ђв”Ђ openrisc
в”‚В В  в”њв”Ђв”Ђ ppc
в”‚В В  в”њв”Ђв”Ђ riscv
в”‚В В  в”‚В В  в”њв”Ђв”Ђ kvm
в”‚В В  в”‚В В  в””в”Ђв”Ђ tcg
в”‚В В  в”њв”Ђв”Ђ rx
в”‚В В  в”њв”Ђв”Ђ s390x
в”‚В В  в”‚В В  в”њв”Ђв”Ђ gen-features.p
в”‚В В  в”‚В В  в”њв”Ђв”Ђ kvm
в”‚В В  в”‚В В  в””в”Ђв”Ђ tcg
в”‚В В  в”њв”Ђв”Ђ sh4
в”‚В В  в”њв”Ђв”Ђ sparc
в”‚В В  в”њв”Ђв”Ђ tricore
в”‚В В  в””в”Ђв”Ђ xtensa
в”њв”Ђв”Ђ tcg
в”њв”Ђв”Ђ tests
в”‚В В  в”њв”Ђв”Ђ bench
в”‚В В  в”‚В В  в”њв”Ђв”Ђ atomic64-bench.p
в”‚В В  в”‚В В  в”њв”Ђв”Ђ atomic_add-bench.p
в”‚В В  в”‚В В  в”њв”Ђв”Ђ benchmark-crypto-akcipher.p
в”‚В В  в”‚В В  в”њв”Ђв”Ђ benchmark-crypto-cipher.p
в”‚В В  в”‚В В  в”њв”Ђв”Ђ benchmark-crypto-hash.p
в”‚В В  в”‚В В  в”њв”Ђв”Ђ benchmark-crypto-hmac.p
в”‚В В  в”‚В В  в”њв”Ђв”Ђ bufferiszero-bench.p
в”‚В В  в”‚В В  в”њв”Ђв”Ђ qht-bench.p
в”‚В В  в”‚В В  в””в”Ђв”Ђ qtree-bench.p
в”‚В В  в”њв”Ђв”Ђ data -> /home/sagar/qemu-tests/qemu/tests/data
в”‚В В  в”њв”Ђв”Ђ decode
в”‚В В  в”њв”Ђв”Ђ fp
в”‚В В  в”‚В В  в”њв”Ђв”Ђ fp-bench.p
в”‚В В  в”‚В В  в”њв”Ђв”Ђ fp-test-log2.p
в”‚В В  в”‚В В  в””в”Ђв”Ђ fp-test.p
в”‚В В  в”њв”Ђв”Ђ functional
в”‚В В  в”‚В В  в”њв”Ђв”Ђ aarch64
в”‚В В  в”‚В В  в”њв”Ђв”Ђ alpha
в”‚В В  в”‚В В  в”њв”Ђв”Ђ arm
в”‚В В  в”‚В В  в”њв”Ђв”Ђ avr
в”‚В В  в”‚В В  в”њв”Ђв”Ђ generic
в”‚В В  в”‚В В  в”њв”Ђв”Ђ hppa
в”‚В В  в”‚В В  в”њв”Ђв”Ђ i386
в”‚В В  в”‚В В  в”њв”Ђв”Ђ loongarch64
в”‚В В  в”‚В В  в”њв”Ђв”Ђ m68k
в”‚В В  в”‚В В  в”њв”Ђв”Ђ microblaze
в”‚В В  в”‚В В  в”њв”Ђв”Ђ microblazeel
в”‚В В  в”‚В В  в”њв”Ђв”Ђ mips
в”‚В В  в”‚В В  в”њв”Ђв”Ђ mips64
в”‚В В  в”‚В В  в”њв”Ђв”Ђ mips64el
в”‚В В  в”‚В В  в”њв”Ђв”Ђ mipsel
в”‚В В  в”‚В В  в”њв”Ђв”Ђ or1k
в”‚В В  в”‚В В  в”њв”Ђв”Ђ ppc
в”‚В В  в”‚В В  в”њв”Ђв”Ђ ppc64
в”‚В В  в”‚В В  в”њв”Ђв”Ђ riscv32
в”‚В В  в”‚В В  в”њв”Ђв”Ђ riscv64
в”‚В В  в”‚В В  в”њв”Ђв”Ђ rx
в”‚В В  в”‚В В  в”њв”Ђв”Ђ s390x
в”‚В В  в”‚В В  в”њв”Ђв”Ђ sh4
в”‚В В  в”‚В В  в”њв”Ђв”Ђ sh4eb
в”‚В В  в”‚В В  в”њв”Ђв”Ђ sparc
в”‚В В  в”‚В В  в”њв”Ђв”Ђ sparc64
в”‚В В  в”‚В В  в”њв”Ђв”Ђ x86_64
в”‚В В  в”‚В В  в””в”Ђв”Ђ xtensa
в”‚В В  в”њв”Ђв”Ђ include
в”‚В В  в”њв”Ђв”Ђ libtestqapi.a.p
в”‚В В  в”њв”Ђв”Ђ migration-stress
в”‚В В  в”‚В В  в””в”Ђв”Ђ stress.p
в”‚В В  в”њв”Ђв”Ђ qapi-schema
в”‚В В  в”њв”Ђв”Ђ qemu-iotests
в”‚В В  в”њв”Ђв”Ђ qtest
в”‚В В  в”‚В В  в”њв”Ђв”Ђ ahci-test.p
в”‚В В  в”‚В В  в”њв”Ђв”Ђ am53c974-test.p
в”‚В В  в”‚В В  в”њв”Ђв”Ђ arm-cpu-features.p
в”‚В В  в”‚В В  в”њв”Ђв”Ђ aspeed_fsi-test.p
в”‚В В  в”‚В В  в”њв”Ђв”Ђ aspeed_gpio-test.p
в”‚В В  в”‚В В  в”њв”Ђв”Ђ aspeed_hace-test.p
в”‚В В  в”‚В В  в”њв”Ђв”Ђ aspeed_scu-test.p
в”‚В В  в”‚В В  в”њв”Ђв”Ђ aspeed_smc-test.p
в”‚В В  в”‚В В  в”њв”Ђв”Ђ ast2700-gpio-test.p
в”‚В В  в”‚В В  в”њв”Ђв”Ђ ast2700-hace-test.p
в”‚В В  в”‚В В  в”њв”Ђв”Ђ ast2700-smc-test.p
в”‚В В  в”‚В В  в”њв”Ђв”Ђ bcm2835-dma-test.p
в”‚В В  в”‚В В  в”њв”Ђв”Ђ bcm2835-i2c-test.p
в”‚В В  в”‚В В  в”њв”Ђв”Ђ bios-tables-test.p
в”‚В В  в”‚В В  в”њв”Ђв”Ђ boot-order-test.p
в”‚В В  в”‚В В  в”њв”Ђв”Ђ boot-serial-test.p
в”‚В В  в”‚В В  в”њв”Ђв”Ђ cdrom-test.p
в”‚В В  в”‚В В  в”њв”Ђв”Ђ cmsdk-apb-dualtimer-test.p
в”‚В В  в”‚В В  в”њв”Ђв”Ђ cmsdk-apb-timer-test.p
в”‚В В  в”‚В В  в”њв”Ђв”Ђ cmsdk-apb-watchdog-test.p
в”‚В В  в”‚В В  в”њв”Ђв”Ђ cpu-plug-test.p
в”‚В В  в”‚В В  в”њв”Ђв”Ђ cxl-test.p
в”‚В В  в”‚В В  в”њв”Ђв”Ђ dbus-display-test.p
в”‚В В  в”‚В В  в”њв”Ђв”Ђ device-introspect-test.p
в”‚В В  в”‚В В  в”њв”Ђв”Ђ device-plug-test.p
в”‚В В  в”‚В В  в”њв”Ђв”Ђ display-vga-test.p
в”‚В В  в”‚В В  в”њв”Ђв”Ђ dm163-test.p
в”‚В В  в”‚В В  в”њв”Ђв”Ђ drive_del-test.p
в”‚В В  в”‚В В  в”њв”Ђв”Ђ endianness-test.p
в”‚В В  в”‚В В  в”њв”Ђв”Ђ erst-test.p
в”‚В В  в”‚В В  в”њв”Ђв”Ђ fdc-test.p
в”‚В В  в”‚В В  в”њв”Ђв”Ђ fuzz
в”‚В В  в”‚В В  в”њв”Ђв”Ђ fuzz-e1000e-test.p
в”‚В В  в”‚В В  в”њв”Ђв”Ђ fuzz-lsi53c895a-test.p
в”‚В В  в”‚В В  в”њв”Ђв”Ђ fuzz-megasas-test.p
в”‚В В  в”‚В В  в”њв”Ђв”Ђ fuzz-sb16-test.p
в”‚В В  в”‚В В  в”њв”Ђв”Ђ fuzz-sdcard-test.p
в”‚В В  в”‚В В  в”њв”Ђв”Ђ fuzz-virtio-scsi-test.p
в”‚В В  в”‚В В  в”њв”Ђв”Ђ fw_cfg-test.p
в”‚В В  в”‚В В  в”њв”Ђв”Ђ hd-geo-test.p
в”‚В В  в”‚В В  в”њв”Ђв”Ђ hexloader-test.p
в”‚В В  в”‚В В  в”њв”Ђв”Ђ i440fx-test.p
в”‚В В  в”‚В В  в”њв”Ђв”Ђ i82801b11-test.p
в”‚В В  в”‚В В  в”њв”Ђв”Ђ ide-test.p
в”‚В В  в”‚В В  в”њв”Ђв”Ђ intel-hda-test.p
в”‚В В  в”‚В В  в”њв”Ђв”Ђ intel-iommu-test.p
в”‚В В  в”‚В В  в”њв”Ђв”Ђ ioh3420-test.p
в”‚В В  в”‚В В  в”њв”Ђв”Ђ ipmi-bt-test.p
в”‚В В  в”‚В В  в”њв”Ђв”Ђ ipmi-kcs-test.p
в”‚В В  в”‚В В  в”њв”Ђв”Ђ ivshmem-test.p
в”‚В В  в”‚В В  в”њв”Ђв”Ђ libqos
в”‚В В  в”‚В В  в”‚В В  в””в”Ђв”Ђ libqos.a.p
в”‚В В  в”‚В В  в”њв”Ђв”Ђ lpc-ich9-test.p
в”‚В В  в”‚В В  в”њв”Ђв”Ђ m48t59-test.p
в”‚В В  в”‚В В  в”њв”Ђв”Ђ machine-none-test.p
в”‚В В  в”‚В В  в”њв”Ђв”Ђ microbit-test.p
в”‚В В  в”‚В В  в”њв”Ђв”Ђ migration-test.p
в”‚В В  в”‚В В  в”њв”Ђв”Ђ netdev-socket.p
в”‚В В  в”‚В В  в”њв”Ђв”Ђ npcm7xx_adc-test.p
в”‚В В  в”‚В В  в”њв”Ђв”Ђ npcm7xx_gpio-test.p
в”‚В В  в”‚В В  в”њв”Ђв”Ђ npcm7xx_pwm-test.p
в”‚В В  в”‚В В  в”њв”Ђв”Ђ npcm7xx_rng-test.p
в”‚В В  в”‚В В  в”њв”Ђв”Ђ npcm7xx_sdhci-test.p
в”‚В В  в”‚В В  в”њв”Ђв”Ђ npcm7xx_smbus-test.p
в”‚В В  в”‚В В  в”њв”Ђв”Ђ npcm7xx_timer-test.p
в”‚В В  в”‚В В  в”њв”Ђв”Ђ npcm7xx_watchdog_timer-test.p
в”‚В В  в”‚В В  в”њв”Ђв”Ђ npcm_gmac-test.p
в”‚В В  в”‚В В  в”њв”Ђв”Ђ numa-test.p
в”‚В В  в”‚В В  в”њв”Ђв”Ђ pflash-cfi02-test.p
в”‚В В  в”‚В В  в”њв”Ђв”Ђ pnv-host-i2c-test.p
в”‚В В  в”‚В В  в”њв”Ђв”Ђ pnv-spi-seeprom-test.p
в”‚В В  в”‚В В  в”њв”Ђв”Ђ pnv-xive2-test.p
в”‚В В  в”‚В В  в”њв”Ђв”Ђ pnv-xscom-test.p
в”‚В В  в”‚В В  в”њв”Ђв”Ђ prom-env-test.p
в”‚В В  в”‚В В  в”њв”Ђв”Ђ pvpanic-pci-test.p
в”‚В В  в”‚В В  в”њв”Ђв”Ђ pvpanic-test.p
в”‚В В  в”‚В В  в”њв”Ђв”Ђ q35-test.p
в”‚В В  в”‚В В  в”њв”Ђв”Ђ qmp-cmd-test.p
в”‚В В  в”‚В В  в”њв”Ђв”Ђ qmp-test.p
в”‚В В  в”‚В В  в”њв”Ђв”Ђ qom-test.p
в”‚В В  в”‚В В  в”њв”Ђв”Ђ qos-test.p
в”‚В В  в”‚В В  в”њв”Ђв”Ђ readconfig-test.p
в”‚В В  в”‚В В  в”њв”Ђв”Ђ riscv-csr-test.p
в”‚В В  в”‚В В  в”њв”Ђв”Ђ rtas-test.p
в”‚В В  в”‚В В  в”њв”Ђв”Ђ rtc-test.p
в”‚В В  в”‚В В  в”њв”Ђв”Ђ rtl8139-test.p
в”‚В В  в”‚В В  в”њв”Ђв”Ђ sifive-e-aon-watchdog-test.p
в”‚В В  в”‚В В  в”њв”Ђв”Ђ sse-timer-test.p
в”‚В В  в”‚В В  в”њв”Ђв”Ђ stm32l4x5_exti-test.p
в”‚В В  в”‚В В  в”њв”Ђв”Ђ stm32l4x5_gpio-test.p
в”‚В В  в”‚В В  в”њв”Ђв”Ђ stm32l4x5_rcc-test.p
в”‚В В  в”‚В В  в”њв”Ђв”Ђ stm32l4x5_syscfg-test.p
в”‚В В  в”‚В В  в”њв”Ђв”Ђ stm32l4x5_usart-test.p
в”‚В В  в”‚В В  в”њв”Ђв”Ђ tco-test.p
в”‚В В  в”‚В В  в”њв”Ђв”Ђ test-arm-mptimer.p
в”‚В В  в”‚В В  в”њв”Ђв”Ђ test-filter-mirror.p
в”‚В В  в”‚В В  в”њв”Ђв”Ђ test-filter-redirector.p
в”‚В В  в”‚В В  в”њв”Ђв”Ђ test-hmp.p
в”‚В В  в”‚В В  в”њв”Ђв”Ђ test-x86-cpuid-compat.p
в”‚В В  в”‚В В  в”њв”Ђв”Ђ tpm-crb-swtpm-test.p
в”‚В В  в”‚В В  в”њв”Ђв”Ђ tpm-crb-test.p
в”‚В В  в”‚В В  в”њв”Ђв”Ђ tpm-tis-device-swtpm-test.p
в”‚В В  в”‚В В  в”њв”Ђв”Ђ tpm-tis-device-test.p
в”‚В В  в”‚В В  в”њв”Ђв”Ђ tpm-tis-i2c-test.p
в”‚В В  в”‚В В  в”њв”Ђв”Ђ tpm-tis-swtpm-test.p
в”‚В В  в”‚В В  в”њв”Ђв”Ђ tpm-tis-test.p
в”‚В В  в”‚В В  в”њв”Ђв”Ђ usb-hcd-ehci-test.p
в”‚В В  в”‚В В  в”њв”Ђв”Ђ usb-hcd-uhci-test.p
в”‚В В  в”‚В В  в”њв”Ђв”Ђ usb-hcd-xhci-test.p
в”‚В В  в”‚В В  в”њв”Ђв”Ђ virtio-balloon-test.p
в”‚В В  в”‚В В  в”њв”Ђв”Ђ virtio-ccw-test.p
в”‚В В  в”‚В В  в”њв”Ђв”Ђ vmcoreinfo-test.p
в”‚В В  в”‚В В  в”њв”Ђв”Ђ vmgenid-test.p
в”‚В В  в”‚В В  в”њв”Ђв”Ђ wdt_ib700-test.p
в”‚В В  в”‚В В  в”њв”Ђв”Ђ xlnx-canfd-test.p
в”‚В В  в”‚В В  в””в”Ђв”Ђ xlnx-versal-trng-test.p
в”‚В В  в”њв”Ђв”Ђ tcg
в”‚В В  в”‚В В  в”њв”Ђв”Ђ plugins
в”‚В В  в”‚В В  в”‚В В  в”њв”Ђв”Ђ libbb.so.p
в”‚В В  в”‚В В  в”‚В В  в”њв”Ђв”Ђ libdiscons.so.p
в”‚В В  в”‚В В  в”‚В В  в”њв”Ђв”Ђ libempty.so.p
в”‚В В  в”‚В В  в”‚В В  в”њв”Ђв”Ђ libinline.so.p
в”‚В В  в”‚В В  в”‚В В  в”њв”Ђв”Ђ libinsn.so.p
в”‚В В  в”‚В В  в”‚В В  в”њв”Ђв”Ђ libmem.so.p
в”‚В В  в”‚В В  в”‚В В  в”њв”Ђв”Ђ libpatch.so.p
в”‚В В  в”‚В В  в”‚В В  в”њв”Ђв”Ђ libreset.so.p
в”‚В В  в”‚В В  в”‚В В  в””в”Ђв”Ђ libsyscall.so.p
в”‚В В  в”‚В В  в”њв”Ђв”Ђ x86_64-linux-user
в”‚В В  в”‚В В  в””в”Ђв”Ђ x86_64-softmmu
в”‚В В  в”њв”Ђв”Ђ tracetool
в”‚В В  в”њв”Ђв”Ђ unit
в”‚В В  в”‚В В  в”њв”Ђв”Ђ check-block-qdict.p
в”‚В В  в”‚В В  в”њв”Ђв”Ђ check-qdict.p
в”‚В В  в”‚В В  в”њв”Ђв”Ђ check-qjson.p
в”‚В В  в”‚В В  в”њв”Ђв”Ђ check-qlist.p
в”‚В В  в”‚В В  в”њв”Ђв”Ђ check-qlit.p
в”‚В В  в”‚В В  в”њв”Ђв”Ђ check-qnull.p
в”‚В В  в”‚В В  в”њв”Ђв”Ђ check-qnum.p
в”‚В В  в”‚В В  в”њв”Ђв”Ђ check-qobject.p
в”‚В В  в”‚В В  в”њв”Ђв”Ђ check-qom-interface.p
в”‚В В  в”‚В В  в”њв”Ђв”Ђ check-qom-proplist.p
в”‚В В  в”‚В В  в”њв”Ђв”Ђ check-qstring.p
в”‚В В  в”‚В В  в”њв”Ђв”Ђ ptimer-test.p
в”‚В В  в”‚В В  в”њв”Ђв”Ђ rcutorture.p
в”‚В В  в”‚В В  в”њв”Ђв”Ђ test-aio-multithread.p
в”‚В В  в”‚В В  в”њв”Ђв”Ђ test-aio.p
в”‚В В  в”‚В В  в”њв”Ђв”Ђ test-authz-listfile.p
в”‚В В  в”‚В В  в”њв”Ђв”Ђ test-authz-list.p
в”‚В В  в”‚В В  в”њв”Ђв”Ђ test-authz-pam.p
в”‚В В  в”‚В В  в”њв”Ђв”Ђ test-authz-simple.p
в”‚В В  в”‚В В  в”њв”Ђв”Ђ test-base64.p
в”‚В В  в”‚В В  в”њв”Ђв”Ђ test-bdrv-drain.p
в”‚В В  в”‚В В  в”њв”Ђв”Ђ test-bdrv-graph-mod.p
в”‚В В  в”‚В В  в”њв”Ђв”Ђ test-bitcnt.p
в”‚В В  в”‚В В  в”њв”Ђв”Ђ test-bitmap.p
в”‚В В  в”‚В В  в”њв”Ђв”Ђ test-bitops.p
в”‚В В  в”‚В В  в”њв”Ђв”Ђ test-block-backend.p
в”‚В В  в”‚В В  в”њв”Ђв”Ђ test-block-iothread.p
в”‚В В  в”‚В В  в”њв”Ђв”Ђ test-blockjob.p
в”‚В В  в”‚В В  в”њв”Ђв”Ђ test-blockjob-txn.p
в”‚В В  в”‚В В  в”њв”Ђв”Ђ test-bufferiszero.p
в”‚В В  в”‚В В  в”њв”Ђв”Ђ test-char.p
в”‚В В  в”‚В В  в”њв”Ђв”Ђ test-clone-visitor.p
в”‚В В  в”‚В В  в”њв”Ђв”Ђ test-coroutine.p
в”‚В В  в”‚В В  в”њв”Ђв”Ђ test-crypto-afsplit.p
в”‚В В  в”‚В В  в”њв”Ђв”Ђ test-crypto-akcipher.p
в”‚В В  в”‚В В  в”њв”Ђв”Ђ test-crypto-block.p
в”‚В В  в”‚В В  в”њв”Ђв”Ђ test-crypto-cipher.p
в”‚В В  в”‚В В  в”њв”Ђв”Ђ test-crypto-der.p
в”‚В В  в”‚В В  в”њв”Ђв”Ђ test-crypto-hash.p
в”‚В В  в”‚В В  в”њв”Ђв”Ђ test-crypto-hmac.p
в”‚В В  в”‚В В  в”њв”Ђв”Ђ test-crypto-ivgen.p
в”‚В В  в”‚В В  в”њв”Ђв”Ђ test-crypto-pbkdf.p
в”‚В В  в”‚В В  в”њв”Ђв”Ђ test-crypto-secret.p
в”‚В В  в”‚В В  в”њв”Ђв”Ђ test-crypto-tlscredsx509.p
в”‚В В  в”‚В В  в”њв”Ђв”Ђ test-crypto-tlssession.p
в”‚В В  в”‚В В  в”њв”Ђв”Ђ test-cutils.p
в”‚В В  в”‚В В  в”њв”Ђв”Ђ test-div128.p
в”‚В В  в”‚В В  в”њв”Ђв”Ђ test-error-report.p
в”‚В В  в”‚В В  в”њв”Ђв”Ђ test-fifo.p
в”‚В В  в”‚В В  в”њв”Ђв”Ђ test-forward-visitor.p
в”‚В В  в”‚В В  в”њв”Ђв”Ђ test-hbitmap.p
в”‚В В  в”‚В В  в”њв”Ђв”Ђ test-image-locking.p
в”‚В В  в”‚В В  в”њв”Ђв”Ђ test-int128.p
в”‚В В  в”‚В В  в”њв”Ђв”Ђ test-interval-tree.p
в”‚В В  в”‚В В  в”њв”Ђв”Ђ test-io-channel-buffer.p
в”‚В В  в”‚В В  в”њв”Ђв”Ђ test-io-channel-command.p
в”‚В В  в”‚В В  в”њв”Ђв”Ђ test-io-channel-file.p
в”‚В В  в”‚В В  в”њв”Ђв”Ђ test-io-channel-null.p
в”‚В В  в”‚В В  в”њв”Ђв”Ђ test-io-channel-socket.p
в”‚В В  в”‚В В  в”њв”Ђв”Ђ test-io-channel-tls.p
в”‚В В  в”‚В В  в”њв”Ђв”Ђ test-io-task.p
в”‚В В  в”‚В В  в”њв”Ђв”Ђ test-iov.p
в”‚В В  в”‚В В  в”њв”Ђв”Ђ test-keyval.p
в”‚В В  в”‚В В  в”њв”Ђв”Ђ test-logging.p
в”‚В В  в”‚В В  в”њв”Ђв”Ђ test-mul64.p
в”‚В В  в”‚В В  в”њв”Ђв”Ђ test-nested-aio-poll.p
в”‚В В  в”‚В В  в”њв”Ђв”Ђ test-opts-visitor.p
в”‚В В  в”‚В В  в”њв”Ђв”Ђ test-qapi-util.p
в”‚В В  в”‚В В  в”њв”Ђв”Ђ test-qdev-global-props.p
в”‚В В  в”‚В В  в”њв”Ђв”Ђ test-qdist.p
в”‚В В  в”‚В В  в”њв”Ђв”Ђ test-qemu-opts.p
в”‚В В  в”‚В В  в”њв”Ђв”Ђ test-qga.p
в”‚В В  в”‚В В  в”њв”Ђв”Ђ test-qgraph.p
в”‚В В  в”‚В В  в”њв”Ђв”Ђ test-qht.p
в”‚В В  в”‚В В  в”њв”Ђв”Ђ test-qmp-cmds.p
в”‚В В  в”‚В В  в”њв”Ђв”Ђ test-qmp-event.p
в”‚В В  в”‚В В  в”њв”Ђв”Ђ test-qobject-input-visitor.p
в”‚В В  в”‚В В  в”њв”Ђв”Ђ test-qobject-output-visitor.p
в”‚В В  в”‚В В  в”њв”Ђв”Ђ test-qtree.p
в”‚В В  в”‚В В  в”њв”Ђв”Ђ test-rcu-list.p
в”‚В В  в”‚В В  в”њв”Ђв”Ђ test-rcu-simpleq.p
в”‚В В  в”‚В В  в”њв”Ђв”Ђ test-rcu-slist.p
в”‚В В  в”‚В В  в”њв”Ђв”Ђ test-rcu-tailq.p
в”‚В В  в”‚В В  в”њв”Ђв”Ђ test-replication.p
в”‚В В  в”‚В В  в”њв”Ђв”Ђ test-resv-mem.p
в”‚В В  в”‚В В  в”њв”Ђв”Ђ test-seccomp.p
в”‚В В  в”‚В В  в”њв”Ђв”Ђ test-shift128.p
в”‚В В  в”‚В В  в”њв”Ђв”Ђ test-smp-parse.p
в”‚В В  в”‚В В  в”њв”Ђв”Ђ test-string-input-visitor.p
в”‚В В  в”‚В В  в”њв”Ђв”Ђ test-string-output-visitor.p
в”‚В В  в”‚В В  в”њв”Ђв”Ђ test-thread-pool.p
в”‚В В  в”‚В В  в”њв”Ђв”Ђ test-throttle.p
в”‚В В  в”‚В В  в”њв”Ђв”Ђ test-timed-average.p
в”‚В В  в”‚В В  в”њв”Ђв”Ђ test-util-filemonitor.p
в”‚В В  в”‚В В  в”њв”Ђв”Ђ test-util-sockets.p
в”‚В В  в”‚В В  в”њв”Ђв”Ђ test-uuid.p
в”‚В В  в”‚В В  в”њв”Ђв”Ђ test-virtio-dmabuf.p
в”‚В В  в”‚В В  в”њв”Ђв”Ђ test-visitor-serialization.p
в”‚В В  в”‚В В  в”њв”Ђв”Ђ test-vmstate.p
в”‚В В  в”‚В В  в”њв”Ђв”Ђ test-write-threshold.p
в”‚В В  в”‚В В  в”њв”Ђв”Ђ test-x86-topo.p
в”‚В В  в”‚В В  в”њв”Ђв”Ђ test-xbzrle.p
в”‚В В  в”‚В В  в”њв”Ђв”Ђ test-xs-node.p
в”‚В В  в”‚В В  в””в”Ђв”Ђ test-yank.p
в”‚В В  в””в”Ђв”Ђ vhost-user-bridge.p
в”њв”Ђв”Ђ tools
в”њв”Ђв”Ђ trace
в”њв”Ђв”Ђ ui
в”‚В В  в”њв”Ђв”Ђ icons
в”‚В В  в””в”Ђв”Ђ shader
в””в”Ђв”Ђ util

856 directories
