root@ubuntu-lkp:~# cat /proc/ioports
0000-0cf7 : PCI Bus 0000:00
  0000-001f : dma1
  0020-0021 : pic1
  0040-0043 : timer0
  0050-0053 : timer1
  0060-0060 : keyboard
  0064-0064 : keyboard
  0070-0077 : rtc0
  0080-008f : dma page reg
  00a0-00a1 : pic2
  00c0-00df : dma2
  00f0-00ff : fpu
  0170-0177 : 0000:00:01.1
    0170-0177 : ata_piix
  01f0-01f7 : 0000:00:01.1
    01f0-01f7 : ata_piix
  0376-0376 : 0000:00:01.1
    0376-0376 : ata_piix
  03c0-03df : vga+
  03f6-03f6 : 0000:00:01.1
    03f6-03f6 : ata_piix
  03f8-03ff : serial
  0510-051b : QEMU0002:00
  0600-063f : 0000:00:01.3
    0600-0603 : ACPI PM1a_EVT_BLK
    0604-0605 : ACPI PM1a_CNT_BLK
    0608-060b : ACPI PM_TMR
  0700-070f : 0000:00:01.3
0cf8-0cff : PCI conf1
0d00-ffff : PCI Bus 0000:00
  afe0-afe3 : ACPI GPE0_BLK
  c000-c03f : 0000:00:03.0
    c000-c03f : e1000
  c040-c07f : 0000:00:04.0
    c040-c07f : e1000
  c080-c08f : 0000:00:01.1
    c080-c08f : ata_piix
root@ubuntu-lkp:~#
